<?xml version="1.0" encoding="UTF-8"?>
<testng-results ignored="0" total="2" passed="2" failed="0" skipped="0">
  <reporter-output>
  </reporter-output>
  <suite started-at="2022-11-01T10:06:11 IST" name="Default suite" finished-at="2022-11-01T10:06:39 IST" duration-ms="28617">
    <groups>
      <group name="cucumber">
        <method signature="AbstractTestNGCucumberTests.runScenario(io.cucumber.testng.PickleWrapper,io.cucumber.testng.FeatureWrapper)[pri:0, instance:runner.TestNGRunner@c430e6c]" name="runScenario" class="io.cucumber.testng.AbstractTestNGCucumberTests"/>
      </group> <!-- cucumber -->
    </groups>
    <test started-at="2022-11-01T10:06:11 IST" name="Default test" finished-at="2022-11-01T10:06:39 IST" duration-ms="28617">
      <class name="runner.TestNGRunner">
        <test-method is-config="true" signature="setUpClass(org.testng.ITestContext)[pri:0, instance:runner.TestNGRunner@c430e6c]" started-at="2022-11-01T10:06:11 IST" name="setUpClass" finished-at="2022-11-01T10:06:13 IST" duration-ms="1894" status="PASS">
          <params>
            <param index="0">
              <value>
                <![CDATA[org.testng.TestRunner@68e7c8c3]]>
              </value>
            </param>
          </params>
          <reporter-output>
          </reporter-output>
        </test-method> <!-- setUpClass -->
        <test-method signature="runScenario(io.cucumber.testng.PickleWrapper,io.cucumber.testng.FeatureWrapper)[pri:0, instance:runner.TestNGRunner@c430e6c]" started-at="2022-11-01T10:06:13 IST" name="runScenario" description="Runs Cucumber Scenarios" data-provider="scenarios" finished-at="2022-11-01T10:06:33 IST" duration-ms="20296" status="PASS">
          <params>
            <param index="0">
              <value>
                <![CDATA["Search Product By Hardcoding the Input from Feature File"]]>
              </value>
            </param>
            <param index="1">
              <value>
                <![CDATA["Validate Ebay Search Result"]]>
              </value>
            </param>
          </params>
          <reporter-output>
          </reporter-output>
        </test-method> <!-- runScenario -->
        <test-method signature="runScenario(io.cucumber.testng.PickleWrapper,io.cucumber.testng.FeatureWrapper)[pri:0, instance:runner.TestNGRunner@c430e6c]" started-at="2022-11-01T10:06:13 IST" name="runScenario" description="Runs Cucumber Scenarios" data-provider="scenarios" finished-at="2022-11-01T10:06:39 IST" duration-ms="25784" status="PASS">
          <params>
            <param index="0">
              <value>
                <![CDATA["Search product using data table from feature file data for Amazon"]]>
              </value>
            </param>
            <param index="1">
              <value>
                <![CDATA["User is validatating Product Search in Amazon"]]>
              </value>
            </param>
          </params>
          <reporter-output>
          </reporter-output>
        </test-method> <!-- runScenario -->
        <test-method is-config="true" signature="tearDownClass()[pri:0, instance:runner.TestNGRunner@c430e6c]" started-at="2022-11-01T10:06:39 IST" name="tearDownClass" finished-at="2022-11-01T10:06:39 IST" duration-ms="793" status="PASS">
          <reporter-output>
          </reporter-output>
        </test-method> <!-- tearDownClass -->
      </class> <!-- runner.TestNGRunner -->
    </test> <!-- Default test -->
  </suite> <!-- Default suite -->
</testng-results>
